Release 8.1.02i - platgen EDK_I.20.4
Copyright (c) 1995-2005 Xilinx, Inc.  All rights reserved.

Command Line: platgen -p xc3s400tq144-5 -lang vhdl -toplevel no -ti system -st
xst system.mhs 

Parse system.mhs ...

Read MPD definitions ...
Sourcing tcl file
C:/EDK/hw/XilinxProcessorIPLib/pcores/microblaze_v4_00_a/data/microblaze_v2_1_0.
tcl ...
Sourcing tcl file
C:/EDK/hw/XilinxProcessorIPLib/pcores/opb_mdm_v2_00_a/data/opb_mdm_v2_1_0.tcl
...
Sourcing tcl file
C:/EDK/hw/XilinxProcessorIPLib/pcores/lmb_v10_v1_00_a/data/lmb_v10_v2_1_0.tcl
...
Sourcing tcl file
C:/EDK/hw/XilinxProcessorIPLib/pcores/lmb_bram_if_cntlr_v1_00_b/data/lmb_bram_if
_cntlr_v2_1_0.tcl ...
Sourcing tcl file
C:/EDK/hw/XilinxProcessorIPLib/pcores/opb_emc_v2_00_a/data/opb_emc_v2_1_0.tcl
...
Sourcing tcl file
C:/EDK/hw/XilinxProcessorIPLib/pcores/dcm_module_v1_00_a/data/dcm_module_v2_1_0.
tcl ...

Overriding IP level properties ...
microblaze (microblaze_0) -
C:\EDK\hw\XilinxProcessorIPLib\pcores\microblaze_v4_00_a\data\microblaze_v2_1_0.
mpd line 63 - tool overriding c_family value virtex2 to spartan3
microblaze (microblaze_0) -
C:\EDK\hw\XilinxProcessorIPLib\pcores\microblaze_v4_00_a\data\microblaze_v2_1_0.
mpd line 64 - tool overriding c_instance value microblaze to microblaze_0
microblaze (microblaze_0) -
C:\EDK\hw\XilinxProcessorIPLib\pcores\microblaze_v4_00_a\data\microblaze_v2_1_0.
mpd:93 - tcl overriding C_ADDR_TAG_BITS value 17 to 0
microblaze (microblaze_0) -
C:\EDK\hw\XilinxProcessorIPLib\pcores\microblaze_v4_00_a\data\microblaze_v2_1_0.
mpd:100 - tcl overriding C_DCACHE_ADDR_TAG value 17 to 0
opb_mdm (debug_module) -
C:\EDK\hw\XilinxProcessorIPLib\pcores\opb_mdm_v2_00_a\data\opb_mdm_v2_1_0.mpd
line 42 - tool overriding c_family value virtex2 to spartan3
bram_block (lmb_bram) -
C:\EDK\hw\XilinxProcessorIPLib\pcores\bram_block_v1_00_a\data\bram_block_v2_1_0.
mpd line 42 - tool overriding c_family value virtex2 to spartan3
opb_emc (generic_external_memory) -
C:\EDK\hw\XilinxProcessorIPLib\pcores\opb_emc_v2_00_a\data\opb_emc_v2_1_0.mpd
line 40 - tool overriding c_family value virtex2 to spartan3
opb_gpio (generic_gpio) -
C:\EDK\hw\XilinxProcessorIPLib\pcores\opb_gpio_v3_01_b\data\opb_gpio_v2_1_0.mpd
line 41 - tool overriding c_family value virtex2 to spartan3
dcm_module (dcm_0) -
C:\EDK\hw\XilinxProcessorIPLib\pcores\dcm_module_v1_00_a\data\dcm_module_v2_1_0.
mpd line 60 - tool overriding c_family value virtex2 to spartan3

Performing IP level DRCs on properties...

Running DRC Tcl procedures for OPTION IPLEVEL_DRC_PROC...
Sourcing tcl file
C:/EDK/hw/XilinxProcessorIPLib/pcores/bram_if_cntlr_v1_00_b/data/bram_if_cntlr_v
2_1_0.tcl ...
Sourcing tcl file
C:/EDK/hw/XilinxProcessorIPLib/pcores/bram_if_cntlr_v1_00_b/data/bram_if_cntlr_v
2_1_0.tcl ...
Sourcing tcl file
C:/EDK/hw/XilinxProcessorIPLib/pcores/emc_common_v2_00_a/data/emc_common_v2_1_0.
tcl ...
Address Map for Processor microblaze_0
  (0x00000000-0x00001fff) dlmb_cntlr	dlmb
  (0x00000000-0x00001fff) ilmb_cntlr	ilmb
  (0x20080000-0x200fffff) Generic_External_Memory	mb_opb
  (0x40000000-0x4000ffff) Generic_GPIO	mb_opb
  (0x40600000-0x4060ffff) RS232	mb_opb
  (0x41400000-0x4140ffff) debug_module	mb_opb

Check platform configuration ...
opb_v20 (mb_opb) - C:\projects\a2600_mb\xilinx\edk\system.mhs line 59 - 2
master(s) : 4 slave(s)
lmb_v10 (ilmb) - C:\projects\a2600_mb\xilinx\edk\system.mhs line 85 - 1
master(s) : 1 slave(s)
lmb_v10 (dlmb) - C:\projects\a2600_mb\xilinx\edk\system.mhs line 93 - 1
master(s) : 1 slave(s)

Check port drivers...
WARNING:MDT - dcm_0_lock (LOCKED) - C:\projects\a2600_mb\xilinx\edk\system.mhs
   line 201 - floating connection!

Check platform address map ...

Overriding system level properties ...
opb_v20 (mb_opb) -
C:\EDK\hw\XilinxProcessorIPLib\pcores\opb_v20_v1_10_c\data\opb_v20_v2_1_0.mpd
line 39 - tool overriding c_num_masters value 4 to 2
lmb_v10 (ilmb) -
C:\EDK\hw\XilinxProcessorIPLib\pcores\lmb_v10_v1_00_a\data\lmb_v10_v2_1_0.mpd
line 39 - tool overriding c_lmb_num_slaves value 4 to 1
lmb_v10 (dlmb) -
C:\EDK\hw\XilinxProcessorIPLib\pcores\lmb_v10_v1_00_a\data\lmb_v10_v2_1_0.mpd
line 39 - tool overriding c_lmb_num_slaves value 4 to 1
lmb_bram_if_cntlr (dlmb_cntlr) -
C:\EDK\hw\XilinxProcessorIPLib\pcores\lmb_bram_if_cntlr_v1_00_b\data\lmb_bram_if
_cntlr_v2_1_0.mpd line 45 - tool overriding c_mask value 0x00800000 to
0x40080000
lmb_bram_if_cntlr (ilmb_cntlr) -
C:\EDK\hw\XilinxProcessorIPLib\pcores\lmb_bram_if_cntlr_v1_00_b\data\lmb_bram_if
_cntlr_v2_1_0.mpd line 45 - tool overriding c_mask value 0x00800000 to
0x40080000
bram_block (lmb_bram) -
C:\EDK\hw\XilinxProcessorIPLib\pcores\bram_block_v1_00_a\data\bram_block_v2_1_0.
mpd line 38 - tool overriding c_memsize value 2048 to 0x2000

Running DRC Tcl procedures for OPTION SYSLEVEL_DRC_PROC...

Performing System level DRCs on properties...

Running UPDATE Tcl procedures for OPTION PLATGEN_SYSLEVEL_UPDATE_PROC...

Modify defaults ...

Creating stub ...

Processing licensed instances ...
Completion time: 0.00 seconds

Creating hardware output directories ...

Managing hardware (BBD-specified) netlist files ...

Managing cache ...
microblaze (microblaze_0) - C:\projects\a2600_mb\xilinx\edk\system.mhs:40 -
Copying cache implementation netlist
opb_v20 (mb_opb) - C:\projects\a2600_mb\xilinx\edk\system.mhs:59 - Copying cache
implementation netlist
opb_mdm (debug_module) - C:\projects\a2600_mb\xilinx\edk\system.mhs:67 - Copying
cache implementation netlist
lmb_v10 (ilmb) - C:\projects\a2600_mb\xilinx\edk\system.mhs:85 - Copying cache
implementation netlist
lmb_v10 (dlmb) - C:\projects\a2600_mb\xilinx\edk\system.mhs:93 - Copying cache
implementation netlist
lmb_bram_if_cntlr (dlmb_cntlr) - C:\projects\a2600_mb\xilinx\edk\system.mhs:101
- Copying cache implementation netlist
lmb_bram_if_cntlr (ilmb_cntlr) - C:\projects\a2600_mb\xilinx\edk\system.mhs:110
- Copying cache implementation netlist
bram_block (lmb_bram) - C:\projects\a2600_mb\xilinx\edk\system.mhs:119 - Copying
cache implementation netlist
opb_emc (generic_external_memory) -
C:\projects\a2600_mb\xilinx\edk\system.mhs:126 - Copying cache implementation
netlist
opb_gpio (generic_gpio) - C:\projects\a2600_mb\xilinx\edk\system.mhs:171 -
Copying cache implementation netlist
dcm_module (dcm_0) - C:\projects\a2600_mb\xilinx\edk\system.mhs:189 - Copying
cache implementation netlist

Elaborating instances ...
bram_block (lmb_bram) - C:\projects\a2600_mb\xilinx\edk\system.mhs:119 -
elaborating IP

Writing HDL for elaborated instances ...

Inserting wrapper level ...
Completion time: 0.00 seconds

Constructing platform-level signal connectivity ...
Completion time: 0.00 seconds

Writing (top-level) BMM ...
Writing BMM - C:\projects\a2600_mb\xilinx\edk\implementation\system.bmm

Writing (top-level and wrappers) HDL ...

Generating synthesis project file ...

Running XST synthesis ...
INFO:MDT - The following instances are synthesized with XST. The MPD option
   IMP_NETLIST=TRUE indicates that a NGC file is to be produced using XST
   synthesis. IMP_NETLIST=FALSE (default) instances are not synthesized.
rs232_wrapper (rs232) - C:\projects\a2600_mb\xilinx\edk\system.mhs:155 - Running
XST synthesis

Running NGCBUILD ...

Rebuilding cache ...

Writing (stub) BMM ...
Writing BMM - C:\projects\a2600_mb\xilinx\edk\implementation\system_stub.bmm

Writing (stub) HDL ...
Total run time: 11.00 seconds
00 seconds
s
